running egg_info
creating ../../build/yolov8_pkg/yolov8_pkg.egg-info
writing ../../build/yolov8_pkg/yolov8_pkg.egg-info/PKG-INFO
writing dependency_links to ../../build/yolov8_pkg/yolov8_pkg.egg-info/dependency_links.txt
writing entry points to ../../build/yolov8_pkg/yolov8_pkg.egg-info/entry_points.txt
writing requirements to ../../build/yolov8_pkg/yolov8_pkg.egg-info/requires.txt
writing top-level names to ../../build/yolov8_pkg/yolov8_pkg.egg-info/top_level.txt
writing manifest file '../../build/yolov8_pkg/yolov8_pkg.egg-info/SOURCES.txt'
reading manifest file '../../build/yolov8_pkg/yolov8_pkg.egg-info/SOURCES.txt'
adding license file 'LICENSE'
writing manifest file '../../build/yolov8_pkg/yolov8_pkg.egg-info/SOURCES.txt'
running build
running build_py
creating /home/jay/ros2_ws/build/yolov8_pkg/build
creating /home/jay/ros2_ws/build/yolov8_pkg/build/lib
creating /home/jay/ros2_ws/build/yolov8_pkg/build/lib/yolov8_pkg
copying yolov8_pkg/yolov8_node.py -> /home/jay/ros2_ws/build/yolov8_pkg/build/lib/yolov8_pkg
copying yolov8_pkg/__init__.py -> /home/jay/ros2_ws/build/yolov8_pkg/build/lib/yolov8_pkg
running install
running install_lib
creating /home/jay/ros2_ws/install/yolov8_pkg/lib/python3.10/site-packages/yolov8_pkg
copying /home/jay/ros2_ws/build/yolov8_pkg/build/lib/yolov8_pkg/yolov8_node.py -> /home/jay/ros2_ws/install/yolov8_pkg/lib/python3.10/site-packages/yolov8_pkg
copying /home/jay/ros2_ws/build/yolov8_pkg/build/lib/yolov8_pkg/__init__.py -> /home/jay/ros2_ws/install/yolov8_pkg/lib/python3.10/site-packages/yolov8_pkg
byte-compiling /home/jay/ros2_ws/install/yolov8_pkg/lib/python3.10/site-packages/yolov8_pkg/yolov8_node.py to yolov8_node.cpython-310.pyc
byte-compiling /home/jay/ros2_ws/install/yolov8_pkg/lib/python3.10/site-packages/yolov8_pkg/__init__.py to __init__.cpython-310.pyc
running install_data
creating /home/jay/ros2_ws/install/yolov8_pkg/share/ament_index
creating /home/jay/ros2_ws/install/yolov8_pkg/share/ament_index/resource_index
creating /home/jay/ros2_ws/install/yolov8_pkg/share/ament_index/resource_index/packages
copying resource/yolov8_pkg -> /home/jay/ros2_ws/install/yolov8_pkg/share/ament_index/resource_index/packages
copying package.xml -> /home/jay/ros2_ws/install/yolov8_pkg/share/yolov8_pkg
running install_egg_info
Copying ../../build/yolov8_pkg/yolov8_pkg.egg-info to /home/jay/ros2_ws/install/yolov8_pkg/lib/python3.10/site-packages/yolov8_pkg-0.0.0-py3.10.egg-info
running install_scripts
Installing yolov8_node script to /home/jay/ros2_ws/install/yolov8_pkg/lib/yolo_pkg
writing list of installed files to '/home/jay/ros2_ws/build/yolov8_pkg/install.log'
