[0.526s] Invoking command in '/home/jay/ros2_ws/src/yolov8_pkg': CONDA_PROMPT_MODIFIER=(pytorch) PYTHONPATH=/home/jay/ros2_ws/build/yolov8_pkg/prefix_override:/usr/lib/python3/dist-packages/colcon_core/task/python/colcon_distutils_commands:/home/jay/ros2_ws/install/yolov8_pkg/lib/python3.10/site-packages:${PYTHONPATH} /usr/bin/python3 -W ignore:setup.py install is deprecated -W ignore:easy_install command is deprecated setup.py egg_info --egg-base ../../build/yolov8_pkg build --build-base /home/jay/ros2_ws/build/yolov8_pkg/build install --record /home/jay/ros2_ws/build/yolov8_pkg/install.log --single-version-externally-managed install_data
[0.661s] running egg_info
[0.661s] creating ../../build/yolov8_pkg/yolov8_pkg.egg-info
[0.661s] writing ../../build/yolov8_pkg/yolov8_pkg.egg-info/PKG-INFO
[0.661s] writing dependency_links to ../../build/yolov8_pkg/yolov8_pkg.egg-info/dependency_links.txt
[0.661s] writing entry points to ../../build/yolov8_pkg/yolov8_pkg.egg-info/entry_points.txt
[0.661s] writing requirements to ../../build/yolov8_pkg/yolov8_pkg.egg-info/requires.txt
[0.661s] writing top-level names to ../../build/yolov8_pkg/yolov8_pkg.egg-info/top_level.txt
[0.661s] writing manifest file '../../build/yolov8_pkg/yolov8_pkg.egg-info/SOURCES.txt'
[0.662s] reading manifest file '../../build/yolov8_pkg/yolov8_pkg.egg-info/SOURCES.txt'
[0.662s] adding license file 'LICENSE'
[0.663s] writing manifest file '../../build/yolov8_pkg/yolov8_pkg.egg-info/SOURCES.txt'
[0.663s] running build
[0.663s] running build_py
[0.663s] creating /home/jay/ros2_ws/build/yolov8_pkg/build
[0.663s] creating /home/jay/ros2_ws/build/yolov8_pkg/build/lib
[0.663s] creating /home/jay/ros2_ws/build/yolov8_pkg/build/lib/yolov8_pkg
[0.663s] copying yolov8_pkg/yolov8_node.py -> /home/jay/ros2_ws/build/yolov8_pkg/build/lib/yolov8_pkg
[0.663s] copying yolov8_pkg/__init__.py -> /home/jay/ros2_ws/build/yolov8_pkg/build/lib/yolov8_pkg
[0.663s] running install
[0.663s] running install_lib
[0.664s] creating /home/jay/ros2_ws/install/yolov8_pkg/lib/python3.10/site-packages/yolov8_pkg
[0.664s] copying /home/jay/ros2_ws/build/yolov8_pkg/build/lib/yolov8_pkg/yolov8_node.py -> /home/jay/ros2_ws/install/yolov8_pkg/lib/python3.10/site-packages/yolov8_pkg
[0.664s] copying /home/jay/ros2_ws/build/yolov8_pkg/build/lib/yolov8_pkg/__init__.py -> /home/jay/ros2_ws/install/yolov8_pkg/lib/python3.10/site-packages/yolov8_pkg
[0.664s] byte-compiling /home/jay/ros2_ws/install/yolov8_pkg/lib/python3.10/site-packages/yolov8_pkg/yolov8_node.py to yolov8_node.cpython-310.pyc
[0.664s] byte-compiling /home/jay/ros2_ws/install/yolov8_pkg/lib/python3.10/site-packages/yolov8_pkg/__init__.py to __init__.cpython-310.pyc
[0.664s] running install_data
[0.664s] creating /home/jay/ros2_ws/install/yolov8_pkg/share/ament_index
[0.664s] creating /home/jay/ros2_ws/install/yolov8_pkg/share/ament_index/resource_index
[0.664s] creating /home/jay/ros2_ws/install/yolov8_pkg/share/ament_index/resource_index/packages
[0.664s] copying resource/yolov8_pkg -> /home/jay/ros2_ws/install/yolov8_pkg/share/ament_index/resource_index/packages
[0.665s] copying package.xml -> /home/jay/ros2_ws/install/yolov8_pkg/share/yolov8_pkg
[0.665s] running install_egg_info
[0.665s] Copying ../../build/yolov8_pkg/yolov8_pkg.egg-info to /home/jay/ros2_ws/install/yolov8_pkg/lib/python3.10/site-packages/yolov8_pkg-0.0.0-py3.10.egg-info
[0.666s] running install_scripts
[0.678s] Installing yolov8_node script to /home/jay/ros2_ws/install/yolov8_pkg/lib/yolo_pkg
[0.679s] writing list of installed files to '/home/jay/ros2_ws/build/yolov8_pkg/install.log'
[0.701s] Invoked command in '/home/jay/ros2_ws/src/yolov8_pkg' returned '0': CONDA_PROMPT_MODIFIER=(pytorch) PYTHONPATH=/home/jay/ros2_ws/build/yolov8_pkg/prefix_override:/usr/lib/python3/dist-packages/colcon_core/task/python/colcon_distutils_commands:/home/jay/ros2_ws/install/yolov8_pkg/lib/python3.10/site-packages:${PYTHONPATH} /usr/bin/python3 -W ignore:setup.py install is deprecated -W ignore:easy_install command is deprecated setup.py egg_info --egg-base ../../build/yolov8_pkg build --build-base /home/jay/ros2_ws/build/yolov8_pkg/build install --record /home/jay/ros2_ws/build/yolov8_pkg/install.log --single-version-externally-managed install_data
